<?xml version="1.0" encoding="UTF-8"?>
<testng-results skipped="0" failed="1" total="3" passed="2">
  <reporter-output>
  </reporter-output>
  <suite name="Suite" duration-ms="117322" started-at="2016-08-30T11:17:14Z" finished-at="2016-08-30T11:19:11Z">
    <groups>
    </groups>
    <test name="Test" duration-ms="117322" started-at="2016-08-30T11:17:14Z" finished-at="2016-08-30T11:19:11Z">
      <class name="com.basic.regression.Script1">
        <test-method status="PASS" signature="launchApplication()[pri:0, instance:com.basic.regression.Script1@35f983a6]" name="launchApplication" is-config="true" duration-ms="38277" started-at="2016-08-30T16:47:14Z" finished-at="2016-08-30T16:47:52Z">
          <reporter-output>
          </reporter-output>
        </test-method> <!-- launchApplication -->
        <test-method status="PASS" signature="getMethod(java.lang.reflect.Method)[pri:0, instance:com.basic.regression.Script1@35f983a6]" name="getMethod" is-config="true" duration-ms="3" started-at="2016-08-30T16:47:52Z" finished-at="2016-08-30T16:47:52Z">
          <params>
            <param index="0">
              <value>
                <![CDATA[public void com.basic.regression.Script1.test()]]>
              </value>
            </param>
          </params>
          <reporter-output>
          </reporter-output>
        </test-method> <!-- getMethod -->
        <test-method status="FAIL" signature="test()[pri:0, instance:com.basic.regression.Script1@35f983a6]" name="test" duration-ms="5136" started-at="2016-08-30T16:47:52Z" finished-at="2016-08-30T16:47:57Z">
          <exception class="org.openqa.selenium.NoSuchElementException">
            <message>
              <![CDATA[Unable to locate element: {"method":"id","selector":"dfdfdd"}
Command duration or timeout: 5.08 seconds
For documentation on this error, please visit: http://seleniumhq.org/exceptions/no_such_element.html
Build info: version: '2.52.0', revision: '4c2593cfc3689a7fcd7be52549167e5ccc93ad28', time: '2016-02-11 11:22:43'
System info: host: 'TYSS-MF-012', ip: '10.10.11.119', os.name: 'Windows 8.1', os.arch: 'amd64', os.version: '6.3', java.version: '1.8.0_20-ea'
Driver info: org.openqa.selenium.firefox.FirefoxDriver
Capabilities [{applicationCacheEnabled=true, rotatable=false, handlesAlerts=true, databaseEnabled=true, version=40.0.1, platform=WINDOWS, nativeEvents=false, acceptSslCerts=true, webStorageEnabled=true, locationContextEnabled=true, browserName=firefox, takesScreenshot=true, javascriptEnabled=true, cssSelectorsEnabled=true}]
Session ID: 521db859-fcc9-43b2-a575-906c02da7674
*** Element info: {Using=id, value=dfdfdd}]]>
            </message>
            <full-stacktrace>
              <![CDATA[org.openqa.selenium.NoSuchElementException: Unable to locate element: {"method":"id","selector":"dfdfdd"}
Command duration or timeout: 5.08 seconds
For documentation on this error, please visit: http://seleniumhq.org/exceptions/no_such_element.html
Build info: version: '2.52.0', revision: '4c2593cfc3689a7fcd7be52549167e5ccc93ad28', time: '2016-02-11 11:22:43'
System info: host: 'TYSS-MF-012', ip: '10.10.11.119', os.name: 'Windows 8.1', os.arch: 'amd64', os.version: '6.3', java.version: '1.8.0_20-ea'
Driver info: org.openqa.selenium.firefox.FirefoxDriver
Capabilities [{applicationCacheEnabled=true, rotatable=false, handlesAlerts=true, databaseEnabled=true, version=40.0.1, platform=WINDOWS, nativeEvents=false, acceptSslCerts=true, webStorageEnabled=true, locationContextEnabled=true, browserName=firefox, takesScreenshot=true, javascriptEnabled=true, cssSelectorsEnabled=true}]
Session ID: 521db859-fcc9-43b2-a575-906c02da7674
*** Element info: {Using=id, value=dfdfdd}
	at sun.reflect.NativeConstructorAccessorImpl.newInstance0(Native Method)
	at sun.reflect.NativeConstructorAccessorImpl.newInstance(NativeConstructorAccessorImpl.java:62)
	at sun.reflect.DelegatingConstructorAccessorImpl.newInstance(DelegatingConstructorAccessorImpl.java:45)
	at java.lang.reflect.Constructor.newInstance(Constructor.java:408)
	at org.openqa.selenium.remote.ErrorHandler.createThrowable(ErrorHandler.java:206)
	at org.openqa.selenium.remote.ErrorHandler.throwIfResponseFailed(ErrorHandler.java:158)
	at org.openqa.selenium.remote.RemoteWebDriver.execute(RemoteWebDriver.java:678)
	at org.openqa.selenium.remote.RemoteWebDriver.findElement(RemoteWebDriver.java:363)
	at org.openqa.selenium.remote.RemoteWebDriver.findElementById(RemoteWebDriver.java:413)
	at org.openqa.selenium.By$ById.findElement(By.java:218)
	at org.openqa.selenium.remote.RemoteWebDriver.findElement(RemoteWebDriver.java:355)
	at com.basic.regression.Script1.test(Script1.java:21)
	at sun.reflect.NativeMethodAccessorImpl.invoke0(Native Method)
	at sun.reflect.NativeMethodAccessorImpl.invoke(NativeMethodAccessorImpl.java:62)
	at sun.reflect.DelegatingMethodAccessorImpl.invoke(DelegatingMethodAccessorImpl.java:43)
	at java.lang.reflect.Method.invoke(Method.java:483)
	at org.testng.internal.MethodInvocationHelper.invokeMethod(MethodInvocationHelper.java:84)
	at org.testng.internal.Invoker.invokeMethod(Invoker.java:714)
	at org.testng.internal.Invoker.invokeTestMethod(Invoker.java:901)
	at org.testng.internal.Invoker.invokeTestMethods(Invoker.java:1231)
	at org.testng.internal.TestMethodWorker.invokeTestMethods(TestMethodWorker.java:127)
	at org.testng.internal.TestMethodWorker.run(TestMethodWorker.java:111)
	at org.testng.TestRunner.privateRun(TestRunner.java:767)
	at org.testng.TestRunner.run(TestRunner.java:617)
	at org.testng.SuiteRunner.runTest(SuiteRunner.java:348)
	at org.testng.SuiteRunner.runSequentially(SuiteRunner.java:343)
	at org.testng.SuiteRunner.privateRun(SuiteRunner.java:305)
	at org.testng.SuiteRunner.run(SuiteRunner.java:254)
	at org.testng.SuiteRunnerWorker.runSuite(SuiteRunnerWorker.java:52)
	at org.testng.SuiteRunnerWorker.run(SuiteRunnerWorker.java:86)
	at org.testng.TestNG.runSuitesSequentially(TestNG.java:1224)
	at org.testng.TestNG.runSuitesLocally(TestNG.java:1149)
	at org.testng.TestNG.run(TestNG.java:1057)
	at org.testng.remote.RemoteTestNG.run(RemoteTestNG.java:115)
	at org.testng.remote.RemoteTestNG.initAndRun(RemoteTestNG.java:207)
	at org.testng.remote.RemoteTestNG.main(RemoteTestNG.java:178)
Caused by: org.openqa.selenium.NoSuchElementException: Unable to locate element: {"method":"id","selector":"dfdfdd"}
For documentation on this error, please visit: http://seleniumhq.org/exceptions/no_such_element.html
Build info: version: '2.52.0', revision: '4c2593cfc3689a7fcd7be52549167e5ccc93ad28', time: '2016-02-11 11:22:43'
System info: host: 'TYSS-MF-012', ip: '10.10.11.119', os.name: 'Windows 8.1', os.arch: 'amd64', os.version: '6.3', java.version: '1.8.0_20-ea'
Driver info: driver.version: unknown
	at <anonymous class>.FirefoxDriver.prototype.findElementInternal_(file:///C:/Users/INDRAR~1/AppData/Local/Temp/anonymous40640783451428925webdriver-profile/extensions/fxdriver@googlecode.com/components/driver-component.js:10723)
	at <anonymous class>.fxdriver.Timer.prototype.setTimeout/<.notify(file:///C:/Users/INDRAR~1/AppData/Local/Temp/anonymous40640783451428925webdriver-profile/extensions/fxdriver@googlecode.com/components/driver-component.js:623)
]]>
            </full-stacktrace>
          </exception> <!-- org.openqa.selenium.NoSuchElementException -->
          <reporter-output>
          </reporter-output>
        </test-method> <!-- test -->
        <test-method status="PASS" signature="quit()[pri:0, instance:com.basic.regression.Script1@35f983a6]" name="quit" is-config="true" duration-ms="600" started-at="2016-08-30T16:47:57Z" finished-at="2016-08-30T16:47:58Z">
          <reporter-output>
          </reporter-output>
        </test-method> <!-- quit -->
      </class> <!-- com.basic.regression.Script1 -->
      <class name="com.basic.regression.Script3">
        <test-method status="PASS" signature="launchApplication()[pri:0, instance:com.basic.regression.Script3@7f690630]" name="launchApplication" is-config="true" duration-ms="41422" started-at="2016-08-30T16:48:29Z" finished-at="2016-08-30T16:49:10Z">
          <reporter-output>
          </reporter-output>
        </test-method> <!-- launchApplication -->
        <test-method status="PASS" signature="test()[pri:0, instance:com.basic.regression.Script3@7f690630]" name="test" duration-ms="0" started-at="2016-08-30T16:49:10Z" finished-at="2016-08-30T16:49:10Z">
          <reporter-output>
          </reporter-output>
        </test-method> <!-- test -->
        <test-method status="PASS" signature="getMethod(java.lang.reflect.Method)[pri:0, instance:com.basic.regression.Script3@7f690630]" name="getMethod" is-config="true" duration-ms="0" started-at="2016-08-30T16:49:10Z" finished-at="2016-08-30T16:49:10Z">
          <params>
            <param index="0">
              <value>
                <![CDATA[public void com.basic.regression.Script3.test()]]>
              </value>
            </param>
          </params>
          <reporter-output>
          </reporter-output>
        </test-method> <!-- getMethod -->
        <test-method status="PASS" signature="quit()[pri:0, instance:com.basic.regression.Script3@7f690630]" name="quit" is-config="true" duration-ms="74" started-at="2016-08-30T16:49:11Z" finished-at="2016-08-30T16:49:11Z">
          <reporter-output>
          </reporter-output>
        </test-method> <!-- quit -->
      </class> <!-- com.basic.regression.Script3 -->
      <class name="com.basic.smoke.Script2">
        <test-method status="PASS" signature="executeReportLaunch()[pri:0, instance:com.basic.smoke.Script2@30c7da1e]" name="executeReportLaunch" is-config="true" duration-ms="63" started-at="2016-08-30T16:47:13Z" finished-at="2016-08-30T16:47:14Z">
          <reporter-output>
          </reporter-output>
        </test-method> <!-- executeReportLaunch -->
        <test-method status="PASS" signature="initializeLogger()[pri:0, instance:com.basic.smoke.Script2@30c7da1e]" name="initializeLogger" is-config="true" duration-ms="0" started-at="2016-08-30T16:47:14Z" finished-at="2016-08-30T16:47:14Z">
          <reporter-output>
          </reporter-output>
        </test-method> <!-- initializeLogger -->
        <test-method status="PASS" signature="launchApplication()[pri:0, instance:com.basic.smoke.Script2@30c7da1e]" name="launchApplication" is-config="true" duration-ms="30814" started-at="2016-08-30T16:47:58Z" finished-at="2016-08-30T16:48:29Z">
          <reporter-output>
          </reporter-output>
        </test-method> <!-- launchApplication -->
        <test-method status="PASS" signature="getMethod(java.lang.reflect.Method)[pri:0, instance:com.basic.smoke.Script2@30c7da1e]" name="getMethod" is-config="true" duration-ms="1" started-at="2016-08-30T16:48:29Z" finished-at="2016-08-30T16:48:29Z">
          <params>
            <param index="0">
              <value>
                <![CDATA[public void com.basic.smoke.Script2.test()]]>
              </value>
            </param>
          </params>
          <reporter-output>
          </reporter-output>
        </test-method> <!-- getMethod -->
        <test-method status="PASS" signature="test()[pri:0, instance:com.basic.smoke.Script2@30c7da1e]" name="test" duration-ms="1" started-at="2016-08-30T16:48:29Z" finished-at="2016-08-30T16:48:29Z">
          <reporter-output>
          </reporter-output>
        </test-method> <!-- test -->
        <test-method status="PASS" signature="quit()[pri:0, instance:com.basic.smoke.Script2@30c7da1e]" name="quit" is-config="true" duration-ms="33" started-at="2016-08-30T16:48:29Z" finished-at="2016-08-30T16:48:29Z">
          <reporter-output>
          </reporter-output>
        </test-method> <!-- quit -->
        <test-method status="PASS" signature="reportsGeneration()[pri:0, instance:com.basic.smoke.Script2@30c7da1e]" name="reportsGeneration" is-config="true" duration-ms="30" started-at="2016-08-30T16:49:11Z" finished-at="2016-08-30T16:49:11Z">
          <reporter-output>
          </reporter-output>
        </test-method> <!-- reportsGeneration -->
      </class> <!-- com.basic.smoke.Script2 -->
    </test> <!-- Test -->
  </suite> <!-- Suite -->
</testng-results>
